<?xml version="1.0" encoding="UTF-8"?>
<!-- Generated by org.testng.reporters.JUnitReportReporter -->
<testsuite hostname="Sateesha" failures="0" tests="1" name="com_Adv_Selenium_mvn_runner.chrome_luacher" time="4.819" errors="0" timestamp="2024-01-31T13:20:45 IST" skipped="0">
  <testcase classname="com_Adv_Selenium_mvn_runner.chrome_luacher" name="run" time="4.819"/>
</testsuite> <!-- com_Adv_Selenium_mvn_runner.chrome_luacher -->
